mode: set
todolist-app/delivery/controllers/project/project.go:20.61,22.2 1 1
todolist-app/delivery/controllers/project/project.go:24.65,29.38 3 1
todolist-app/delivery/controllers/project/project.go:37.2,43.35 5 1
todolist-app/delivery/controllers/project/project.go:29.38,35.3 4 1
todolist-app/delivery/controllers/project/project.go:46.66,55.35 5 1
todolist-app/delivery/controllers/project/project.go:63.2,69.35 5 1
todolist-app/delivery/controllers/project/project.go:55.35,61.3 4 1
todolist-app/delivery/controllers/project/project.go:72.65,79.16 4 1
todolist-app/delivery/controllers/project/project.go:87.2,89.16 2 1
todolist-app/delivery/controllers/project/project.go:97.2,103.16 4 0
todolist-app/delivery/controllers/project/project.go:111.2,117.35 5 0
todolist-app/delivery/controllers/project/project.go:79.16,85.3 4 0
todolist-app/delivery/controllers/project/project.go:89.16,95.3 4 1
todolist-app/delivery/controllers/project/project.go:103.16,109.3 4 0
todolist-app/delivery/controllers/project/project.go:120.65,131.35 6 1
todolist-app/delivery/controllers/project/project.go:139.2,141.16 2 1
todolist-app/delivery/controllers/project/project.go:149.2,151.16 2 1
todolist-app/delivery/controllers/project/project.go:159.2,163.16 3 0
todolist-app/delivery/controllers/project/project.go:171.2,177.35 5 0
todolist-app/delivery/controllers/project/project.go:131.35,137.3 4 1
todolist-app/delivery/controllers/project/project.go:141.16,147.3 4 0
todolist-app/delivery/controllers/project/project.go:151.16,157.3 4 1
todolist-app/delivery/controllers/project/project.go:163.16,169.3 4 0
todolist-app/delivery/controllers/project/project.go:180.65,191.35 6 1
todolist-app/delivery/controllers/project/project.go:199.2,203.16 3 1
todolist-app/delivery/controllers/project/project.go:211.2,217.35 5 1
todolist-app/delivery/controllers/project/project.go:191.35,197.3 4 1
todolist-app/delivery/controllers/project/project.go:203.16,209.3 4 0
todolist-app/delivery/controllers/task/task.go:22.56,24.2 1 1
todolist-app/delivery/controllers/task/task.go:26.65,33.35 4 1
todolist-app/delivery/controllers/task/task.go:41.2,47.35 5 1
todolist-app/delivery/controllers/task/task.go:33.35,39.3 4 1
todolist-app/delivery/controllers/task/task.go:50.60,61.32 6 1
todolist-app/delivery/controllers/task/task.go:69.2,75.35 5 1
todolist-app/delivery/controllers/task/task.go:61.32,67.3 4 1
todolist-app/delivery/controllers/task/task.go:78.59,85.16 4 1
todolist-app/delivery/controllers/task/task.go:93.2,95.16 2 1
todolist-app/delivery/controllers/task/task.go:103.2,107.42 3 0
todolist-app/delivery/controllers/task/task.go:115.2,117.28 2 0
todolist-app/delivery/controllers/task/task.go:132.2,139.16 6 0
todolist-app/delivery/controllers/task/task.go:147.2,153.35 5 0
todolist-app/delivery/controllers/task/task.go:85.16,91.3 4 1
todolist-app/delivery/controllers/task/task.go:95.16,101.3 4 1
todolist-app/delivery/controllers/task/task.go:107.42,113.3 4 0
todolist-app/delivery/controllers/task/task.go:117.28,120.40 2 0
todolist-app/delivery/controllers/task/task.go:128.3,128.43 1 0
todolist-app/delivery/controllers/task/task.go:120.40,126.4 4 0
todolist-app/delivery/controllers/task/task.go:139.16,145.3 4 0
todolist-app/delivery/controllers/task/task.go:156.59,167.16 6 1
todolist-app/delivery/controllers/task/task.go:175.2,177.16 2 1
todolist-app/delivery/controllers/task/task.go:185.2,189.59 3 0
todolist-app/delivery/controllers/task/task.go:197.2,199.22 2 0
todolist-app/delivery/controllers/task/task.go:207.2,207.26 1 0
todolist-app/delivery/controllers/task/task.go:222.2,229.16 6 0
todolist-app/delivery/controllers/task/task.go:237.2,243.35 5 0
todolist-app/delivery/controllers/task/task.go:167.16,173.3 4 1
todolist-app/delivery/controllers/task/task.go:177.16,183.3 4 1
todolist-app/delivery/controllers/task/task.go:189.59,195.3 4 0
todolist-app/delivery/controllers/task/task.go:199.22,205.3 4 0
todolist-app/delivery/controllers/task/task.go:207.26,210.40 2 0
todolist-app/delivery/controllers/task/task.go:218.3,218.41 1 0
todolist-app/delivery/controllers/task/task.go:210.40,216.4 4 0
todolist-app/delivery/controllers/task/task.go:229.16,235.3 4 0
todolist-app/delivery/controllers/task/task.go:246.59,257.32 6 1
todolist-app/delivery/controllers/task/task.go:265.2,265.29 1 1
todolist-app/delivery/controllers/task/task.go:273.2,277.16 3 1
todolist-app/delivery/controllers/task/task.go:285.2,291.35 5 1
todolist-app/delivery/controllers/task/task.go:257.32,263.3 4 1
todolist-app/delivery/controllers/task/task.go:265.29,271.3 4 0
todolist-app/delivery/controllers/task/task.go:277.16,283.3 4 0
todolist-app/repository/project/project.go:13.52,15.2 1 1
todolist-app/repository/project/project.go:17.74,22.16 3 1
todolist-app/repository/project/project.go:26.2,26.22 1 1
todolist-app/repository/project/project.go:22.16,24.3 1 1
todolist-app/repository/project/project.go:29.79,34.16 3 1
todolist-app/repository/project/project.go:38.2,38.21 1 1
todolist-app/repository/project/project.go:34.16,36.3 1 1
todolist-app/repository/project/project.go:41.96,44.16 2 1
todolist-app/repository/project/project.go:48.2,48.21 1 1
todolist-app/repository/project/project.go:44.16,46.3 1 1
todolist-app/repository/project/project.go:51.96,54.16 2 1
todolist-app/repository/project/project.go:58.2,58.21 1 1
todolist-app/repository/project/project.go:54.16,56.3 1 1
todolist-app/repository/project/project.go:61.96,64.16 2 1
todolist-app/repository/project/project.go:68.2,68.21 1 1
todolist-app/repository/project/project.go:64.16,66.3 1 1
