mode: set
todolist-app/repository/project/project.go:13.52,15.2 1 1
todolist-app/repository/project/project.go:17.74,22.16 3 1
todolist-app/repository/project/project.go:26.2,26.22 1 1
todolist-app/repository/project/project.go:22.16,24.3 1 1
todolist-app/repository/project/project.go:29.79,34.16 3 1
todolist-app/repository/project/project.go:38.2,38.21 1 1
todolist-app/repository/project/project.go:34.16,36.3 1 1
todolist-app/repository/project/project.go:41.96,44.16 2 1
todolist-app/repository/project/project.go:48.2,48.21 1 1
todolist-app/repository/project/project.go:44.16,46.3 1 1
todolist-app/repository/project/project.go:51.96,54.16 2 1
todolist-app/repository/project/project.go:58.2,58.21 1 1
todolist-app/repository/project/project.go:54.16,56.3 1 1
todolist-app/repository/project/project.go:61.96,64.16 2 1
todolist-app/repository/project/project.go:68.2,68.21 1 1
todolist-app/repository/project/project.go:64.16,66.3 1 1
