mode: set
todolist-app/delivery/controllers/task/task.go:22.56,24.2 1 1
todolist-app/delivery/controllers/task/task.go:26.65,33.35 4 1
todolist-app/delivery/controllers/task/task.go:41.2,47.35 5 1
todolist-app/delivery/controllers/task/task.go:33.35,39.3 4 1
todolist-app/delivery/controllers/task/task.go:50.60,61.32 6 1
todolist-app/delivery/controllers/task/task.go:69.2,75.35 5 1
todolist-app/delivery/controllers/task/task.go:61.32,67.3 4 1
todolist-app/delivery/controllers/task/task.go:78.59,91.42 7 1
todolist-app/delivery/controllers/task/task.go:99.2,101.28 2 1
todolist-app/delivery/controllers/task/task.go:116.2,123.16 6 1
todolist-app/delivery/controllers/task/task.go:131.2,137.35 5 1
todolist-app/delivery/controllers/task/task.go:91.42,97.3 4 1
todolist-app/delivery/controllers/task/task.go:101.28,104.26 2 1
todolist-app/delivery/controllers/task/task.go:112.3,112.43 1 1
todolist-app/delivery/controllers/task/task.go:104.26,110.4 4 0
todolist-app/delivery/controllers/task/task.go:123.16,129.3 4 0
todolist-app/delivery/controllers/task/task.go:140.59,157.59 9 1
todolist-app/delivery/controllers/task/task.go:165.2,167.22 2 1
todolist-app/delivery/controllers/task/task.go:175.2,175.26 1 1
todolist-app/delivery/controllers/task/task.go:190.2,197.16 6 1
todolist-app/delivery/controllers/task/task.go:205.2,211.35 5 1
todolist-app/delivery/controllers/task/task.go:157.59,163.3 4 1
todolist-app/delivery/controllers/task/task.go:167.22,173.3 4 0
todolist-app/delivery/controllers/task/task.go:175.26,178.40 2 1
todolist-app/delivery/controllers/task/task.go:186.3,186.41 1 1
todolist-app/delivery/controllers/task/task.go:178.40,184.4 4 0
todolist-app/delivery/controllers/task/task.go:197.16,203.3 4 0
todolist-app/delivery/controllers/task/task.go:214.59,225.32 6 1
todolist-app/delivery/controllers/task/task.go:233.2,233.29 1 1
todolist-app/delivery/controllers/task/task.go:241.2,245.16 3 1
todolist-app/delivery/controllers/task/task.go:253.2,259.35 5 1
todolist-app/delivery/controllers/task/task.go:225.32,231.3 4 1
todolist-app/delivery/controllers/task/task.go:233.29,239.3 4 0
todolist-app/delivery/controllers/task/task.go:245.16,251.3 4 0
